<?xml version="1.0" encoding="UTF-8"?>
<!-- Generated by org.testng.reporters.JUnitReportReporter -->
<testsuite hostname="CCCNYC01AXA" name="firsttestngpackage.FirstTestNGFileAfterBeforeMethod" tests="2" failures="0" timestamp="3 Mar 2015 15:49:29 GMT" time="3.375" errors="0">
  <testcase name="support" time="2.218" classname="firsttestngpackage.FirstTestNGFileAfterBeforeMethod"/>
  <testcase name="register" time="1.157" classname="firsttestngpackage.FirstTestNGFileAfterBeforeMethod"/>
</testsuite> <!-- firsttestngpackage.FirstTestNGFileAfterBeforeMethod -->
