<?xml version="1.0" encoding="UTF-8"?>
<!-- Generated by org.testng.reporters.JUnitReportReporter -->
<testsuite hostname="CCCNYC01AXA" name="firsttestngpackage.FirstTestNGFileAfterBefore" tests="1" failures="0" timestamp="3 Mar 2015 15:37:19 GMT" time="0.740" errors="0">
  <testcase name="verifyHomepageTitle" time="0.740" classname="firsttestngpackage.FirstTestNGFileAfterBefore"/>
</testsuite> <!-- firsttestngpackage.FirstTestNGFileAfterBefore -->
