<?xml version="1.0" encoding="UTF-8"?>
<!-- Generated by org.testng.reporters.JUnitReportReporter -->
<testsuite hostname="CCCNYC01AXA" name="firsttestngpackage.FirstTestNGFile" tests="1" failures="0" timestamp="3 Mar 2015 14:40:36 GMT" time="1.352" errors="0">
  <testcase name="verifyHomepageTitle" time="1.352" classname="firsttestngpackage.FirstTestNGFile"/>
</testsuite> <!-- firsttestngpackage.FirstTestNGFile -->
